[2023-11-04 15:12:53,082] INFO [Controller id=0 epoch=1] Sending UpdateMetadata request to brokers HashSet(0) for 0 partitions (state.change.logger)
[2023-11-04 15:23:32,136] INFO [Controller id=0 epoch=1] Changed partition test-topic-0 state from NonExistentPartition to NewPartition with assigned replicas 0 (state.change.logger)
[2023-11-04 15:23:32,136] INFO [Controller id=0 epoch=1] Changed partition test-topic-1 state from NonExistentPartition to NewPartition with assigned replicas 0 (state.change.logger)
[2023-11-04 15:23:32,136] INFO [Controller id=0 epoch=1] Changed partition test-topic-2 state from NonExistentPartition to NewPartition with assigned replicas 0 (state.change.logger)
[2023-11-04 15:23:32,136] INFO [Controller id=0 epoch=1] Changed partition test-topic-3 state from NonExistentPartition to NewPartition with assigned replicas 0 (state.change.logger)
[2023-11-04 15:23:32,136] INFO [Controller id=0 epoch=1] Sending UpdateMetadata request to brokers HashSet() for 0 partitions (state.change.logger)
[2023-11-04 15:23:32,139] INFO [Controller id=0 epoch=1] Sending UpdateMetadata request to brokers HashSet() for 0 partitions (state.change.logger)
[2023-11-04 15:23:32,172] INFO [Controller id=0 epoch=1] Changed partition test-topic-0 from NewPartition to OnlinePartition with state LeaderAndIsr(leader=0, leaderEpoch=0, isrWithBrokerEpoch=List(BrokerState(brokerId=0, brokerEpoch=-1)), leaderRecoveryState=RECOVERED, partitionEpoch=0) (state.change.logger)
[2023-11-04 15:23:32,172] INFO [Controller id=0 epoch=1] Changed partition test-topic-1 from NewPartition to OnlinePartition with state LeaderAndIsr(leader=0, leaderEpoch=0, isrWithBrokerEpoch=List(BrokerState(brokerId=0, brokerEpoch=-1)), leaderRecoveryState=RECOVERED, partitionEpoch=0) (state.change.logger)
[2023-11-04 15:23:32,172] INFO [Controller id=0 epoch=1] Changed partition test-topic-2 from NewPartition to OnlinePartition with state LeaderAndIsr(leader=0, leaderEpoch=0, isrWithBrokerEpoch=List(BrokerState(brokerId=0, brokerEpoch=-1)), leaderRecoveryState=RECOVERED, partitionEpoch=0) (state.change.logger)
[2023-11-04 15:23:32,172] INFO [Controller id=0 epoch=1] Changed partition test-topic-3 from NewPartition to OnlinePartition with state LeaderAndIsr(leader=0, leaderEpoch=0, isrWithBrokerEpoch=List(BrokerState(brokerId=0, brokerEpoch=-1)), leaderRecoveryState=RECOVERED, partitionEpoch=0) (state.change.logger)
[2023-11-04 15:23:32,173] INFO [Controller id=0 epoch=1] Sending LeaderAndIsr request to broker 0 with 4 become-leader and 0 become-follower partitions (state.change.logger)
[2023-11-04 15:23:32,175] INFO [Controller id=0 epoch=1] Sending UpdateMetadata request to brokers HashSet(0) for 4 partitions (state.change.logger)
[2023-11-04 15:23:32,175] INFO [Controller id=0 epoch=1] Sending UpdateMetadata request to brokers HashSet() for 0 partitions (state.change.logger)
[2023-11-04 15:23:32,181] INFO [Broker id=0] Handling LeaderAndIsr request correlationId 1 from controller 0 for 4 partitions (state.change.logger)
[2023-11-04 15:23:32,197] INFO [Broker id=0] Stopped fetchers as part of LeaderAndIsr request correlationId 1 from controller 0 epoch 1 as part of the become-leader transition for 4 partitions (state.change.logger)
[2023-11-04 15:23:32,250] INFO [Broker id=0] Leader test-topic-0 with topic id Some(US_-21d4QJSlpJixlzu7kA) starts at leader epoch 0 from offset 0 with partition epoch 0, high watermark 0, ISR [0], adding replicas [] and removing replicas [] . Previous leader None and previous leader epoch was -1. (state.change.logger)
[2023-11-04 15:23:32,270] INFO [Broker id=0] Leader test-topic-2 with topic id Some(US_-21d4QJSlpJixlzu7kA) starts at leader epoch 0 from offset 0 with partition epoch 0, high watermark 0, ISR [0], adding replicas [] and removing replicas [] . Previous leader None and previous leader epoch was -1. (state.change.logger)
[2023-11-04 15:23:32,285] INFO [Broker id=0] Leader test-topic-1 with topic id Some(US_-21d4QJSlpJixlzu7kA) starts at leader epoch 0 from offset 0 with partition epoch 0, high watermark 0, ISR [0], adding replicas [] and removing replicas [] . Previous leader None and previous leader epoch was -1. (state.change.logger)
[2023-11-04 15:23:32,300] INFO [Broker id=0] Leader test-topic-3 with topic id Some(US_-21d4QJSlpJixlzu7kA) starts at leader epoch 0 from offset 0 with partition epoch 0, high watermark 0, ISR [0], adding replicas [] and removing replicas [] . Previous leader None and previous leader epoch was -1. (state.change.logger)
[2023-11-04 15:23:32,314] INFO [Broker id=0] Finished LeaderAndIsr request in 134ms correlationId 1 from controller 0 for 4 partitions (state.change.logger)
[2023-11-04 15:23:32,320] INFO [Broker id=0] Add 4 partitions and deleted 0 partitions from metadata cache in response to UpdateMetadata request sent by controller 0 epoch 1 with correlation id 2 (state.change.logger)
[2023-11-04 15:28:29,153] INFO [Controller id=0 epoch=1] Changed partition TestTopic-0 state from NonExistentPartition to NewPartition with assigned replicas 0 (state.change.logger)
[2023-11-04 15:28:29,153] INFO [Controller id=0 epoch=1] Sending UpdateMetadata request to brokers HashSet() for 0 partitions (state.change.logger)
[2023-11-04 15:28:29,153] INFO [Controller id=0 epoch=1] Sending UpdateMetadata request to brokers HashSet() for 0 partitions (state.change.logger)
[2023-11-04 15:28:29,166] INFO [Controller id=0 epoch=1] Changed partition TestTopic-0 from NewPartition to OnlinePartition with state LeaderAndIsr(leader=0, leaderEpoch=0, isrWithBrokerEpoch=List(BrokerState(brokerId=0, brokerEpoch=-1)), leaderRecoveryState=RECOVERED, partitionEpoch=0) (state.change.logger)
[2023-11-04 15:28:29,166] INFO [Controller id=0 epoch=1] Sending LeaderAndIsr request to broker 0 with 1 become-leader and 0 become-follower partitions (state.change.logger)
[2023-11-04 15:28:29,166] INFO [Controller id=0 epoch=1] Sending UpdateMetadata request to brokers HashSet(0) for 1 partitions (state.change.logger)
[2023-11-04 15:28:29,166] INFO [Controller id=0 epoch=1] Sending UpdateMetadata request to brokers HashSet() for 0 partitions (state.change.logger)
[2023-11-04 15:28:29,166] INFO [Broker id=0] Handling LeaderAndIsr request correlationId 3 from controller 0 for 1 partitions (state.change.logger)
[2023-11-04 15:28:29,167] INFO [Broker id=0] Stopped fetchers as part of LeaderAndIsr request correlationId 3 from controller 0 epoch 1 as part of the become-leader transition for 1 partitions (state.change.logger)
[2023-11-04 15:28:29,183] INFO [Broker id=0] Leader TestTopic-0 with topic id Some(NEhsm63zTvyR5F4GK87CSQ) starts at leader epoch 0 from offset 0 with partition epoch 0, high watermark 0, ISR [0], adding replicas [] and removing replicas [] . Previous leader None and previous leader epoch was -1. (state.change.logger)
[2023-11-04 15:28:29,192] INFO [Broker id=0] Finished LeaderAndIsr request in 26ms correlationId 3 from controller 0 for 1 partitions (state.change.logger)
[2023-11-04 15:28:29,193] INFO [Broker id=0] Add 1 partitions and deleted 0 partitions from metadata cache in response to UpdateMetadata request sent by controller 0 epoch 1 with correlation id 4 (state.change.logger)
[2023-11-04 15:31:20,162] INFO [Controller id=0 epoch=1] Changed partition __consumer_offsets-22 state from NonExistentPartition to NewPartition with assigned replicas 0 (state.change.logger)
[2023-11-04 15:31:20,163] INFO [Controller id=0 epoch=1] Changed partition __consumer_offsets-30 state from NonExistentPartition to NewPartition with assigned replicas 0 (state.change.logger)
[2023-11-04 15:31:20,163] INFO [Controller id=0 epoch=1] Changed partition __consumer_offsets-25 state from NonExistentPartition to NewPartition with assigned replicas 0 (state.change.logger)
[2023-11-04 15:31:20,163] INFO [Controller id=0 epoch=1] Changed partition __consumer_offsets-35 state from NonExistentPartition to NewPartition with assigned replicas 0 (state.change.logger)
[2023-11-04 15:31:20,163] INFO [Controller id=0 epoch=1] Changed partition __consumer_offsets-37 state from NonExistentPartition to NewPartition with assigned replicas 0 (state.change.logger)
[2023-11-04 15:31:20,163] INFO [Controller id=0 epoch=1] Changed partition __consumer_offsets-38 state from NonExistentPartition to NewPartition with assigned replicas 0 (state.change.logger)
[2023-11-04 15:31:20,163] INFO [Controller id=0 epoch=1] Changed partition __consumer_offsets-13 state from NonExistentPartition to NewPartition with assigned replicas 0 (state.change.logger)
[2023-11-04 15:31:20,163] INFO [Controller id=0 epoch=1] Changed partition __consumer_offsets-8 state from NonExistentPartition to NewPartition with assigned replicas 0 (state.change.logger)
[2023-11-04 15:31:20,163] INFO [Controller id=0 epoch=1] Changed partition __consumer_offsets-21 state from NonExistentPartition to NewPartition with assigned replicas 0 (state.change.logger)
[2023-11-04 15:31:20,163] INFO [Controller id=0 epoch=1] Changed partition __consumer_offsets-4 state from NonExistentPartition to NewPartition with assigned replicas 0 (state.change.logger)
[2023-11-04 15:31:20,163] INFO [Controller id=0 epoch=1] Changed partition __consumer_offsets-27 state from NonExistentPartition to NewPartition with assigned replicas 0 (state.change.logger)
[2023-11-04 15:31:20,163] INFO [Controller id=0 epoch=1] Changed partition __consumer_offsets-7 state from NonExistentPartition to NewPartition with assigned replicas 0 (state.change.logger)
[2023-11-04 15:31:20,163] INFO [Controller id=0 epoch=1] Changed partition __consumer_offsets-9 state from NonExistentPartition to NewPartition with assigned replicas 0 (state.change.logger)
[2023-11-04 15:31:20,163] INFO [Controller id=0 epoch=1] Changed partition __consumer_offsets-46 state from NonExistentPartition to NewPartition with assigned replicas 0 (state.change.logger)
[2023-11-04 15:31:20,163] INFO [Controller id=0 epoch=1] Changed partition __consumer_offsets-41 state from NonExistentPartition to NewPartition with assigned replicas 0 (state.change.logger)
[2023-11-04 15:31:20,163] INFO [Controller id=0 epoch=1] Changed partition __consumer_offsets-33 state from NonExistentPartition to NewPartition with assigned replicas 0 (state.change.logger)
[2023-11-04 15:31:20,163] INFO [Controller id=0 epoch=1] Changed partition __consumer_offsets-23 state from NonExistentPartition to NewPartition with assigned replicas 0 (state.change.logger)
[2023-11-04 15:31:20,163] INFO [Controller id=0 epoch=1] Changed partition __consumer_offsets-49 state from NonExistentPartition to NewPartition with assigned replicas 0 (state.change.logger)
[2023-11-04 15:31:20,163] INFO [Controller id=0 epoch=1] Changed partition __consumer_offsets-47 state from NonExistentPartition to NewPartition with assigned replicas 0 (state.change.logger)
[2023-11-04 15:31:20,163] INFO [Controller id=0 epoch=1] Changed partition __consumer_offsets-16 state from NonExistentPartition to NewPartition with assigned replicas 0 (state.change.logger)
[2023-11-04 15:31:20,163] INFO [Controller id=0 epoch=1] Changed partition __consumer_offsets-28 state from NonExistentPartition to NewPartition with assigned replicas 0 (state.change.logger)
[2023-11-04 15:31:20,163] INFO [Controller id=0 epoch=1] Changed partition __consumer_offsets-31 state from NonExistentPartition to NewPartition with assigned replicas 0 (state.change.logger)
[2023-11-04 15:31:20,163] INFO [Controller id=0 epoch=1] Changed partition __consumer_offsets-36 state from NonExistentPartition to NewPartition with assigned replicas 0 (state.change.logger)
[2023-11-04 15:31:20,163] INFO [Controller id=0 epoch=1] Changed partition __consumer_offsets-42 state from NonExistentPartition to NewPartition with assigned replicas 0 (state.change.logger)
[2023-11-04 15:31:20,163] INFO [Controller id=0 epoch=1] Changed partition __consumer_offsets-3 state from NonExistentPartition to NewPartition with assigned replicas 0 (state.change.logger)
[2023-11-04 15:31:20,163] INFO [Controller id=0 epoch=1] Changed partition __consumer_offsets-18 state from NonExistentPartition to NewPartition with assigned replicas 0 (state.change.logger)
[2023-11-04 15:31:20,163] INFO [Controller id=0 epoch=1] Changed partition __consumer_offsets-15 state from NonExistentPartition to NewPartition with assigned replicas 0 (state.change.logger)
[2023-11-04 15:31:20,163] INFO [Controller id=0 epoch=1] Changed partition __consumer_offsets-24 state from NonExistentPartition to NewPartition with assigned replicas 0 (state.change.logger)
[2023-11-04 15:31:20,163] INFO [Controller id=0 epoch=1] Changed partition __consumer_offsets-17 state from NonExistentPartition to NewPartition with assigned replicas 0 (state.change.logger)
[2023-11-04 15:31:20,163] INFO [Controller id=0 epoch=1] Changed partition __consumer_offsets-48 state from NonExistentPartition to NewPartition with assigned replicas 0 (state.change.logger)
[2023-11-04 15:31:20,163] INFO [Controller id=0 epoch=1] Changed partition __consumer_offsets-19 state from NonExistentPartition to NewPartition with assigned replicas 0 (state.change.logger)
[2023-11-04 15:31:20,163] INFO [Controller id=0 epoch=1] Changed partition __consumer_offsets-11 state from NonExistentPartition to NewPartition with assigned replicas 0 (state.change.logger)
[2023-11-04 15:31:20,163] INFO [Controller id=0 epoch=1] Changed partition __consumer_offsets-2 state from NonExistentPartition to NewPartition with assigned replicas 0 (state.change.logger)
[2023-11-04 15:31:20,163] INFO [Controller id=0 epoch=1] Changed partition __consumer_offsets-43 state from NonExistentPartition to NewPartition with assigned replicas 0 (state.change.logger)
[2023-11-04 15:31:20,163] INFO [Controller id=0 epoch=1] Changed partition __consumer_offsets-6 state from NonExistentPartition to NewPartition with assigned replicas 0 (state.change.logger)
[2023-11-04 15:31:20,163] INFO [Controller id=0 epoch=1] Changed partition __consumer_offsets-14 state from NonExistentPartition to NewPartition with assigned replicas 0 (state.change.logger)
[2023-11-04 15:31:20,163] INFO [Controller id=0 epoch=1] Changed partition __consumer_offsets-20 state from NonExistentPartition to NewPartition with assigned replicas 0 (state.change.logger)
[2023-11-04 15:31:20,163] INFO [Controller id=0 epoch=1] Changed partition __consumer_offsets-0 state from NonExistentPartition to NewPartition with assigned replicas 0 (state.change.logger)
[2023-11-04 15:31:20,163] INFO [Controller id=0 epoch=1] Changed partition __consumer_offsets-44 state from NonExistentPartition to NewPartition with assigned replicas 0 (state.change.logger)
[2023-11-04 15:31:20,163] INFO [Controller id=0 epoch=1] Changed partition __consumer_offsets-39 state from NonExistentPartition to NewPartition with assigned replicas 0 (state.change.logger)
[2023-11-04 15:31:20,163] INFO [Controller id=0 epoch=1] Changed partition __consumer_offsets-12 state from NonExistentPartition to NewPartition with assigned replicas 0 (state.change.logger)
[2023-11-04 15:31:20,163] INFO [Controller id=0 epoch=1] Changed partition __consumer_offsets-45 state from NonExistentPartition to NewPartition with assigned replicas 0 (state.change.logger)
[2023-11-04 15:31:20,163] INFO [Controller id=0 epoch=1] Changed partition __consumer_offsets-1 state from NonExistentPartition to NewPartition with assigned replicas 0 (state.change.logger)
[2023-11-04 15:31:20,163] INFO [Controller id=0 epoch=1] Changed partition __consumer_offsets-5 state from NonExistentPartition to NewPartition with assigned replicas 0 (state.change.logger)
[2023-11-04 15:31:20,164] INFO [Controller id=0 epoch=1] Changed partition __consumer_offsets-26 state from NonExistentPartition to NewPartition with assigned replicas 0 (state.change.logger)
[2023-11-04 15:31:20,164] INFO [Controller id=0 epoch=1] Changed partition __consumer_offsets-29 state from NonExistentPartition to NewPartition with assigned replicas 0 (state.change.logger)
[2023-11-04 15:31:20,164] INFO [Controller id=0 epoch=1] Changed partition __consumer_offsets-34 state from NonExistentPartition to NewPartition with assigned replicas 0 (state.change.logger)
[2023-11-04 15:31:20,164] INFO [Controller id=0 epoch=1] Changed partition __consumer_offsets-10 state from NonExistentPartition to NewPartition with assigned replicas 0 (state.change.logger)
[2023-11-04 15:31:20,164] INFO [Controller id=0 epoch=1] Changed partition __consumer_offsets-32 state from NonExistentPartition to NewPartition with assigned replicas 0 (state.change.logger)
[2023-11-04 15:31:20,164] INFO [Controller id=0 epoch=1] Changed partition __consumer_offsets-40 state from NonExistentPartition to NewPartition with assigned replicas 0 (state.change.logger)
[2023-11-04 15:31:20,164] INFO [Controller id=0 epoch=1] Sending UpdateMetadata request to brokers HashSet() for 0 partitions (state.change.logger)
[2023-11-04 15:31:20,164] INFO [Controller id=0 epoch=1] Sending UpdateMetadata request to brokers HashSet() for 0 partitions (state.change.logger)
[2023-11-04 15:31:20,247] INFO [Controller id=0 epoch=1] Changed partition __consumer_offsets-22 from NewPartition to OnlinePartition with state LeaderAndIsr(leader=0, leaderEpoch=0, isrWithBrokerEpoch=List(BrokerState(brokerId=0, brokerEpoch=-1)), leaderRecoveryState=RECOVERED, partitionEpoch=0) (state.change.logger)
[2023-11-04 15:31:20,247] INFO [Controller id=0 epoch=1] Changed partition __consumer_offsets-30 from NewPartition to OnlinePartition with state LeaderAndIsr(leader=0, leaderEpoch=0, isrWithBrokerEpoch=List(BrokerState(brokerId=0, brokerEpoch=-1)), leaderRecoveryState=RECOVERED, partitionEpoch=0) (state.change.logger)
[2023-11-04 15:31:20,247] INFO [Controller id=0 epoch=1] Changed partition __consumer_offsets-25 from NewPartition to OnlinePartition with state LeaderAndIsr(leader=0, leaderEpoch=0, isrWithBrokerEpoch=List(BrokerState(brokerId=0, brokerEpoch=-1)), leaderRecoveryState=RECOVERED, partitionEpoch=0) (state.change.logger)
[2023-11-04 15:31:20,247] INFO [Controller id=0 epoch=1] Changed partition __consumer_offsets-35 from NewPartition to OnlinePartition with state LeaderAndIsr(leader=0, leaderEpoch=0, isrWithBrokerEpoch=List(BrokerState(brokerId=0, brokerEpoch=-1)), leaderRecoveryState=RECOVERED, partitionEpoch=0) (state.change.logger)
[2023-11-04 15:31:20,247] INFO [Controller id=0 epoch=1] Changed partition __consumer_offsets-37 from NewPartition to OnlinePartition with state LeaderAndIsr(leader=0, leaderEpoch=0, isrWithBrokerEpoch=List(BrokerState(brokerId=0, brokerEpoch=-1)), leaderRecoveryState=RECOVERED, partitionEpoch=0) (state.change.logger)
[2023-11-04 15:31:20,247] INFO [Controller id=0 epoch=1] Changed partition __consumer_offsets-38 from NewPartition to OnlinePartition with state LeaderAndIsr(leader=0, leaderEpoch=0, isrWithBrokerEpoch=List(BrokerState(brokerId=0, brokerEpoch=-1)), leaderRecoveryState=RECOVERED, partitionEpoch=0) (state.change.logger)
[2023-11-04 15:31:20,247] INFO [Controller id=0 epoch=1] Changed partition __consumer_offsets-13 from NewPartition to OnlinePartition with state LeaderAndIsr(leader=0, leaderEpoch=0, isrWithBrokerEpoch=List(BrokerState(brokerId=0, brokerEpoch=-1)), leaderRecoveryState=RECOVERED, partitionEpoch=0) (state.change.logger)
[2023-11-04 15:31:20,247] INFO [Controller id=0 epoch=1] Changed partition __consumer_offsets-8 from NewPartition to OnlinePartition with state LeaderAndIsr(leader=0, leaderEpoch=0, isrWithBrokerEpoch=List(BrokerState(brokerId=0, brokerEpoch=-1)), leaderRecoveryState=RECOVERED, partitionEpoch=0) (state.change.logger)
[2023-11-04 15:31:20,247] INFO [Controller id=0 epoch=1] Changed partition __consumer_offsets-21 from NewPartition to OnlinePartition with state LeaderAndIsr(leader=0, leaderEpoch=0, isrWithBrokerEpoch=List(BrokerState(brokerId=0, brokerEpoch=-1)), leaderRecoveryState=RECOVERED, partitionEpoch=0) (state.change.logger)
[2023-11-04 15:31:20,247] INFO [Controller id=0 epoch=1] Changed partition __consumer_offsets-4 from NewPartition to OnlinePartition with state LeaderAndIsr(leader=0, leaderEpoch=0, isrWithBrokerEpoch=List(BrokerState(brokerId=0, brokerEpoch=-1)), leaderRecoveryState=RECOVERED, partitionEpoch=0) (state.change.logger)
[2023-11-04 15:31:20,247] INFO [Controller id=0 epoch=1] Changed partition __consumer_offsets-27 from NewPartition to OnlinePartition with state LeaderAndIsr(leader=0, leaderEpoch=0, isrWithBrokerEpoch=List(BrokerState(brokerId=0, brokerEpoch=-1)), leaderRecoveryState=RECOVERED, partitionEpoch=0) (state.change.logger)
[2023-11-04 15:31:20,247] INFO [Controller id=0 epoch=1] Changed partition __consumer_offsets-7 from NewPartition to OnlinePartition with state LeaderAndIsr(leader=0, leaderEpoch=0, isrWithBrokerEpoch=List(BrokerState(brokerId=0, brokerEpoch=-1)), leaderRecoveryState=RECOVERED, partitionEpoch=0) (state.change.logger)
[2023-11-04 15:31:20,247] INFO [Controller id=0 epoch=1] Changed partition __consumer_offsets-9 from NewPartition to OnlinePartition with state LeaderAndIsr(leader=0, leaderEpoch=0, isrWithBrokerEpoch=List(BrokerState(brokerId=0, brokerEpoch=-1)), leaderRecoveryState=RECOVERED, partitionEpoch=0) (state.change.logger)
[2023-11-04 15:31:20,247] INFO [Controller id=0 epoch=1] Changed partition __consumer_offsets-46 from NewPartition to OnlinePartition with state LeaderAndIsr(leader=0, leaderEpoch=0, isrWithBrokerEpoch=List(BrokerState(brokerId=0, brokerEpoch=-1)), leaderRecoveryState=RECOVERED, partitionEpoch=0) (state.change.logger)
[2023-11-04 15:31:20,247] INFO [Controller id=0 epoch=1] Changed partition __consumer_offsets-41 from NewPartition to OnlinePartition with state LeaderAndIsr(leader=0, leaderEpoch=0, isrWithBrokerEpoch=List(BrokerState(brokerId=0, brokerEpoch=-1)), leaderRecoveryState=RECOVERED, partitionEpoch=0) (state.change.logger)
[2023-11-04 15:31:20,247] INFO [Controller id=0 epoch=1] Changed partition __consumer_offsets-33 from NewPartition to OnlinePartition with state LeaderAndIsr(leader=0, leaderEpoch=0, isrWithBrokerEpoch=List(BrokerState(brokerId=0, brokerEpoch=-1)), leaderRecoveryState=RECOVERED, partitionEpoch=0) (state.change.logger)
[2023-11-04 15:31:20,247] INFO [Controller id=0 epoch=1] Changed partition __consumer_offsets-23 from NewPartition to OnlinePartition with state LeaderAndIsr(leader=0, leaderEpoch=0, isrWithBrokerEpoch=List(BrokerState(brokerId=0, brokerEpoch=-1)), leaderRecoveryState=RECOVERED, partitionEpoch=0) (state.change.logger)
[2023-11-04 15:31:20,247] INFO [Controller id=0 epoch=1] Changed partition __consumer_offsets-49 from NewPartition to OnlinePartition with state LeaderAndIsr(leader=0, leaderEpoch=0, isrWithBrokerEpoch=List(BrokerState(brokerId=0, brokerEpoch=-1)), leaderRecoveryState=RECOVERED, partitionEpoch=0) (state.change.logger)
[2023-11-04 15:31:20,247] INFO [Controller id=0 epoch=1] Changed partition __consumer_offsets-47 from NewPartition to OnlinePartition with state LeaderAndIsr(leader=0, leaderEpoch=0, isrWithBrokerEpoch=List(BrokerState(brokerId=0, brokerEpoch=-1)), leaderRecoveryState=RECOVERED, partitionEpoch=0) (state.change.logger)
[2023-11-04 15:31:20,247] INFO [Controller id=0 epoch=1] Changed partition __consumer_offsets-16 from NewPartition to OnlinePartition with state LeaderAndIsr(leader=0, leaderEpoch=0, isrWithBrokerEpoch=List(BrokerState(brokerId=0, brokerEpoch=-1)), leaderRecoveryState=RECOVERED, partitionEpoch=0) (state.change.logger)
[2023-11-04 15:31:20,247] INFO [Controller id=0 epoch=1] Changed partition __consumer_offsets-28 from NewPartition to OnlinePartition with state LeaderAndIsr(leader=0, leaderEpoch=0, isrWithBrokerEpoch=List(BrokerState(brokerId=0, brokerEpoch=-1)), leaderRecoveryState=RECOVERED, partitionEpoch=0) (state.change.logger)
[2023-11-04 15:31:20,247] INFO [Controller id=0 epoch=1] Changed partition __consumer_offsets-31 from NewPartition to OnlinePartition with state LeaderAndIsr(leader=0, leaderEpoch=0, isrWithBrokerEpoch=List(BrokerState(brokerId=0, brokerEpoch=-1)), leaderRecoveryState=RECOVERED, partitionEpoch=0) (state.change.logger)
[2023-11-04 15:31:20,247] INFO [Controller id=0 epoch=1] Changed partition __consumer_offsets-36 from NewPartition to OnlinePartition with state LeaderAndIsr(leader=0, leaderEpoch=0, isrWithBrokerEpoch=List(BrokerState(brokerId=0, brokerEpoch=-1)), leaderRecoveryState=RECOVERED, partitionEpoch=0) (state.change.logger)
[2023-11-04 15:31:20,247] INFO [Controller id=0 epoch=1] Changed partition __consumer_offsets-42 from NewPartition to OnlinePartition with state LeaderAndIsr(leader=0, leaderEpoch=0, isrWithBrokerEpoch=List(BrokerState(brokerId=0, brokerEpoch=-1)), leaderRecoveryState=RECOVERED, partitionEpoch=0) (state.change.logger)
[2023-11-04 15:31:20,247] INFO [Controller id=0 epoch=1] Changed partition __consumer_offsets-3 from NewPartition to OnlinePartition with state LeaderAndIsr(leader=0, leaderEpoch=0, isrWithBrokerEpoch=List(BrokerState(brokerId=0, brokerEpoch=-1)), leaderRecoveryState=RECOVERED, partitionEpoch=0) (state.change.logger)
[2023-11-04 15:31:20,247] INFO [Controller id=0 epoch=1] Changed partition __consumer_offsets-18 from NewPartition to OnlinePartition with state LeaderAndIsr(leader=0, leaderEpoch=0, isrWithBrokerEpoch=List(BrokerState(brokerId=0, brokerEpoch=-1)), leaderRecoveryState=RECOVERED, partitionEpoch=0) (state.change.logger)
[2023-11-04 15:31:20,247] INFO [Controller id=0 epoch=1] Changed partition __consumer_offsets-15 from NewPartition to OnlinePartition with state LeaderAndIsr(leader=0, leaderEpoch=0, isrWithBrokerEpoch=List(BrokerState(brokerId=0, brokerEpoch=-1)), leaderRecoveryState=RECOVERED, partitionEpoch=0) (state.change.logger)
[2023-11-04 15:31:20,247] INFO [Controller id=0 epoch=1] Changed partition __consumer_offsets-24 from NewPartition to OnlinePartition with state LeaderAndIsr(leader=0, leaderEpoch=0, isrWithBrokerEpoch=List(BrokerState(brokerId=0, brokerEpoch=-1)), leaderRecoveryState=RECOVERED, partitionEpoch=0) (state.change.logger)
[2023-11-04 15:31:20,247] INFO [Controller id=0 epoch=1] Changed partition __consumer_offsets-17 from NewPartition to OnlinePartition with state LeaderAndIsr(leader=0, leaderEpoch=0, isrWithBrokerEpoch=List(BrokerState(brokerId=0, brokerEpoch=-1)), leaderRecoveryState=RECOVERED, partitionEpoch=0) (state.change.logger)
[2023-11-04 15:31:20,247] INFO [Controller id=0 epoch=1] Changed partition __consumer_offsets-48 from NewPartition to OnlinePartition with state LeaderAndIsr(leader=0, leaderEpoch=0, isrWithBrokerEpoch=List(BrokerState(brokerId=0, brokerEpoch=-1)), leaderRecoveryState=RECOVERED, partitionEpoch=0) (state.change.logger)
[2023-11-04 15:31:20,248] INFO [Controller id=0 epoch=1] Changed partition __consumer_offsets-19 from NewPartition to OnlinePartition with state LeaderAndIsr(leader=0, leaderEpoch=0, isrWithBrokerEpoch=List(BrokerState(brokerId=0, brokerEpoch=-1)), leaderRecoveryState=RECOVERED, partitionEpoch=0) (state.change.logger)
[2023-11-04 15:31:20,248] INFO [Controller id=0 epoch=1] Changed partition __consumer_offsets-11 from NewPartition to OnlinePartition with state LeaderAndIsr(leader=0, leaderEpoch=0, isrWithBrokerEpoch=List(BrokerState(brokerId=0, brokerEpoch=-1)), leaderRecoveryState=RECOVERED, partitionEpoch=0) (state.change.logger)
[2023-11-04 15:31:20,248] INFO [Controller id=0 epoch=1] Changed partition __consumer_offsets-2 from NewPartition to OnlinePartition with state LeaderAndIsr(leader=0, leaderEpoch=0, isrWithBrokerEpoch=List(BrokerState(brokerId=0, brokerEpoch=-1)), leaderRecoveryState=RECOVERED, partitionEpoch=0) (state.change.logger)
[2023-11-04 15:31:20,248] INFO [Controller id=0 epoch=1] Changed partition __consumer_offsets-43 from NewPartition to OnlinePartition with state LeaderAndIsr(leader=0, leaderEpoch=0, isrWithBrokerEpoch=List(BrokerState(brokerId=0, brokerEpoch=-1)), leaderRecoveryState=RECOVERED, partitionEpoch=0) (state.change.logger)
[2023-11-04 15:31:20,248] INFO [Controller id=0 epoch=1] Changed partition __consumer_offsets-6 from NewPartition to OnlinePartition with state LeaderAndIsr(leader=0, leaderEpoch=0, isrWithBrokerEpoch=List(BrokerState(brokerId=0, brokerEpoch=-1)), leaderRecoveryState=RECOVERED, partitionEpoch=0) (state.change.logger)
[2023-11-04 15:31:20,248] INFO [Controller id=0 epoch=1] Changed partition __consumer_offsets-14 from NewPartition to OnlinePartition with state LeaderAndIsr(leader=0, leaderEpoch=0, isrWithBrokerEpoch=List(BrokerState(brokerId=0, brokerEpoch=-1)), leaderRecoveryState=RECOVERED, partitionEpoch=0) (state.change.logger)
[2023-11-04 15:31:20,248] INFO [Controller id=0 epoch=1] Changed partition __consumer_offsets-20 from NewPartition to OnlinePartition with state LeaderAndIsr(leader=0, leaderEpoch=0, isrWithBrokerEpoch=List(BrokerState(brokerId=0, brokerEpoch=-1)), leaderRecoveryState=RECOVERED, partitionEpoch=0) (state.change.logger)
[2023-11-04 15:31:20,248] INFO [Controller id=0 epoch=1] Changed partition __consumer_offsets-0 from NewPartition to OnlinePartition with state LeaderAndIsr(leader=0, leaderEpoch=0, isrWithBrokerEpoch=List(BrokerState(brokerId=0, brokerEpoch=-1)), leaderRecoveryState=RECOVERED, partitionEpoch=0) (state.change.logger)
[2023-11-04 15:31:20,248] INFO [Controller id=0 epoch=1] Changed partition __consumer_offsets-44 from NewPartition to OnlinePartition with state LeaderAndIsr(leader=0, leaderEpoch=0, isrWithBrokerEpoch=List(BrokerState(brokerId=0, brokerEpoch=-1)), leaderRecoveryState=RECOVERED, partitionEpoch=0) (state.change.logger)
[2023-11-04 15:31:20,248] INFO [Controller id=0 epoch=1] Changed partition __consumer_offsets-39 from NewPartition to OnlinePartition with state LeaderAndIsr(leader=0, leaderEpoch=0, isrWithBrokerEpoch=List(BrokerState(brokerId=0, brokerEpoch=-1)), leaderRecoveryState=RECOVERED, partitionEpoch=0) (state.change.logger)
[2023-11-04 15:31:20,248] INFO [Controller id=0 epoch=1] Changed partition __consumer_offsets-12 from NewPartition to OnlinePartition with state LeaderAndIsr(leader=0, leaderEpoch=0, isrWithBrokerEpoch=List(BrokerState(brokerId=0, brokerEpoch=-1)), leaderRecoveryState=RECOVERED, partitionEpoch=0) (state.change.logger)
[2023-11-04 15:31:20,248] INFO [Controller id=0 epoch=1] Changed partition __consumer_offsets-45 from NewPartition to OnlinePartition with state LeaderAndIsr(leader=0, leaderEpoch=0, isrWithBrokerEpoch=List(BrokerState(brokerId=0, brokerEpoch=-1)), leaderRecoveryState=RECOVERED, partitionEpoch=0) (state.change.logger)
[2023-11-04 15:31:20,248] INFO [Controller id=0 epoch=1] Changed partition __consumer_offsets-1 from NewPartition to OnlinePartition with state LeaderAndIsr(leader=0, leaderEpoch=0, isrWithBrokerEpoch=List(BrokerState(brokerId=0, brokerEpoch=-1)), leaderRecoveryState=RECOVERED, partitionEpoch=0) (state.change.logger)
[2023-11-04 15:31:20,248] INFO [Controller id=0 epoch=1] Changed partition __consumer_offsets-5 from NewPartition to OnlinePartition with state LeaderAndIsr(leader=0, leaderEpoch=0, isrWithBrokerEpoch=List(BrokerState(brokerId=0, brokerEpoch=-1)), leaderRecoveryState=RECOVERED, partitionEpoch=0) (state.change.logger)
[2023-11-04 15:31:20,248] INFO [Controller id=0 epoch=1] Changed partition __consumer_offsets-26 from NewPartition to OnlinePartition with state LeaderAndIsr(leader=0, leaderEpoch=0, isrWithBrokerEpoch=List(BrokerState(brokerId=0, brokerEpoch=-1)), leaderRecoveryState=RECOVERED, partitionEpoch=0) (state.change.logger)
[2023-11-04 15:31:20,248] INFO [Controller id=0 epoch=1] Changed partition __consumer_offsets-29 from NewPartition to OnlinePartition with state LeaderAndIsr(leader=0, leaderEpoch=0, isrWithBrokerEpoch=List(BrokerState(brokerId=0, brokerEpoch=-1)), leaderRecoveryState=RECOVERED, partitionEpoch=0) (state.change.logger)
[2023-11-04 15:31:20,248] INFO [Controller id=0 epoch=1] Changed partition __consumer_offsets-34 from NewPartition to OnlinePartition with state LeaderAndIsr(leader=0, leaderEpoch=0, isrWithBrokerEpoch=List(BrokerState(brokerId=0, brokerEpoch=-1)), leaderRecoveryState=RECOVERED, partitionEpoch=0) (state.change.logger)
[2023-11-04 15:31:20,248] INFO [Controller id=0 epoch=1] Changed partition __consumer_offsets-10 from NewPartition to OnlinePartition with state LeaderAndIsr(leader=0, leaderEpoch=0, isrWithBrokerEpoch=List(BrokerState(brokerId=0, brokerEpoch=-1)), leaderRecoveryState=RECOVERED, partitionEpoch=0) (state.change.logger)
[2023-11-04 15:31:20,248] INFO [Controller id=0 epoch=1] Changed partition __consumer_offsets-32 from NewPartition to OnlinePartition with state LeaderAndIsr(leader=0, leaderEpoch=0, isrWithBrokerEpoch=List(BrokerState(brokerId=0, brokerEpoch=-1)), leaderRecoveryState=RECOVERED, partitionEpoch=0) (state.change.logger)
[2023-11-04 15:31:20,248] INFO [Controller id=0 epoch=1] Changed partition __consumer_offsets-40 from NewPartition to OnlinePartition with state LeaderAndIsr(leader=0, leaderEpoch=0, isrWithBrokerEpoch=List(BrokerState(brokerId=0, brokerEpoch=-1)), leaderRecoveryState=RECOVERED, partitionEpoch=0) (state.change.logger)
[2023-11-04 15:31:20,248] INFO [Controller id=0 epoch=1] Sending LeaderAndIsr request to broker 0 with 50 become-leader and 0 become-follower partitions (state.change.logger)
[2023-11-04 15:31:20,248] INFO [Controller id=0 epoch=1] Sending UpdateMetadata request to brokers HashSet(0) for 50 partitions (state.change.logger)
[2023-11-04 15:31:20,249] INFO [Controller id=0 epoch=1] Sending UpdateMetadata request to brokers HashSet() for 0 partitions (state.change.logger)
[2023-11-04 15:31:20,249] INFO [Broker id=0] Handling LeaderAndIsr request correlationId 5 from controller 0 for 50 partitions (state.change.logger)
[2023-11-04 15:31:20,259] INFO [Broker id=0] Stopped fetchers as part of LeaderAndIsr request correlationId 5 from controller 0 epoch 1 as part of the become-leader transition for 50 partitions (state.change.logger)
[2023-11-04 15:31:20,271] INFO [Broker id=0] Leader __consumer_offsets-3 with topic id Some(v4YvjywYSWWZQQh3xtRP3w) starts at leader epoch 0 from offset 0 with partition epoch 0, high watermark 0, ISR [0], adding replicas [] and removing replicas [] . Previous leader None and previous leader epoch was -1. (state.change.logger)
[2023-11-04 15:31:20,282] INFO [Broker id=0] Leader __consumer_offsets-18 with topic id Some(v4YvjywYSWWZQQh3xtRP3w) starts at leader epoch 0 from offset 0 with partition epoch 0, high watermark 0, ISR [0], adding replicas [] and removing replicas [] . Previous leader None and previous leader epoch was -1. (state.change.logger)
[2023-11-04 15:31:20,298] INFO [Broker id=0] Leader __consumer_offsets-41 with topic id Some(v4YvjywYSWWZQQh3xtRP3w) starts at leader epoch 0 from offset 0 with partition epoch 0, high watermark 0, ISR [0], adding replicas [] and removing replicas [] . Previous leader None and previous leader epoch was -1. (state.change.logger)
[2023-11-04 15:31:20,318] INFO [Broker id=0] Leader __consumer_offsets-10 with topic id Some(v4YvjywYSWWZQQh3xtRP3w) starts at leader epoch 0 from offset 0 with partition epoch 0, high watermark 0, ISR [0], adding replicas [] and removing replicas [] . Previous leader None and previous leader epoch was -1. (state.change.logger)
[2023-11-04 15:31:20,335] INFO [Broker id=0] Leader __consumer_offsets-33 with topic id Some(v4YvjywYSWWZQQh3xtRP3w) starts at leader epoch 0 from offset 0 with partition epoch 0, high watermark 0, ISR [0], adding replicas [] and removing replicas [] . Previous leader None and previous leader epoch was -1. (state.change.logger)
[2023-11-04 15:31:20,353] INFO [Broker id=0] Leader __consumer_offsets-48 with topic id Some(v4YvjywYSWWZQQh3xtRP3w) starts at leader epoch 0 from offset 0 with partition epoch 0, high watermark 0, ISR [0], adding replicas [] and removing replicas [] . Previous leader None and previous leader epoch was -1. (state.change.logger)
[2023-11-04 15:31:20,368] INFO [Broker id=0] Leader __consumer_offsets-19 with topic id Some(v4YvjywYSWWZQQh3xtRP3w) starts at leader epoch 0 from offset 0 with partition epoch 0, high watermark 0, ISR [0], adding replicas [] and removing replicas [] . Previous leader None and previous leader epoch was -1. (state.change.logger)
[2023-11-04 15:31:20,383] INFO [Broker id=0] Leader __consumer_offsets-34 with topic id Some(v4YvjywYSWWZQQh3xtRP3w) starts at leader epoch 0 from offset 0 with partition epoch 0, high watermark 0, ISR [0], adding replicas [] and removing replicas [] . Previous leader None and previous leader epoch was -1. (state.change.logger)
[2023-11-04 15:31:20,398] INFO [Broker id=0] Leader __consumer_offsets-4 with topic id Some(v4YvjywYSWWZQQh3xtRP3w) starts at leader epoch 0 from offset 0 with partition epoch 0, high watermark 0, ISR [0], adding replicas [] and removing replicas [] . Previous leader None and previous leader epoch was -1. (state.change.logger)
[2023-11-04 15:31:20,414] INFO [Broker id=0] Leader __consumer_offsets-11 with topic id Some(v4YvjywYSWWZQQh3xtRP3w) starts at leader epoch 0 from offset 0 with partition epoch 0, high watermark 0, ISR [0], adding replicas [] and removing replicas [] . Previous leader None and previous leader epoch was -1. (state.change.logger)
[2023-11-04 15:31:20,427] INFO [Broker id=0] Leader __consumer_offsets-26 with topic id Some(v4YvjywYSWWZQQh3xtRP3w) starts at leader epoch 0 from offset 0 with partition epoch 0, high watermark 0, ISR [0], adding replicas [] and removing replicas [] . Previous leader None and previous leader epoch was -1. (state.change.logger)
[2023-11-04 15:31:20,443] INFO [Broker id=0] Leader __consumer_offsets-49 with topic id Some(v4YvjywYSWWZQQh3xtRP3w) starts at leader epoch 0 from offset 0 with partition epoch 0, high watermark 0, ISR [0], adding replicas [] and removing replicas [] . Previous leader None and previous leader epoch was -1. (state.change.logger)
[2023-11-04 15:31:20,458] INFO [Broker id=0] Leader __consumer_offsets-39 with topic id Some(v4YvjywYSWWZQQh3xtRP3w) starts at leader epoch 0 from offset 0 with partition epoch 0, high watermark 0, ISR [0], adding replicas [] and removing replicas [] . Previous leader None and previous leader epoch was -1. (state.change.logger)
[2023-11-04 15:31:20,474] INFO [Broker id=0] Leader __consumer_offsets-9 with topic id Some(v4YvjywYSWWZQQh3xtRP3w) starts at leader epoch 0 from offset 0 with partition epoch 0, high watermark 0, ISR [0], adding replicas [] and removing replicas [] . Previous leader None and previous leader epoch was -1. (state.change.logger)
[2023-11-04 15:31:20,490] INFO [Broker id=0] Leader __consumer_offsets-24 with topic id Some(v4YvjywYSWWZQQh3xtRP3w) starts at leader epoch 0 from offset 0 with partition epoch 0, high watermark 0, ISR [0], adding replicas [] and removing replicas [] . Previous leader None and previous leader epoch was -1. (state.change.logger)
[2023-11-04 15:31:20,511] INFO [Broker id=0] Leader __consumer_offsets-31 with topic id Some(v4YvjywYSWWZQQh3xtRP3w) starts at leader epoch 0 from offset 0 with partition epoch 0, high watermark 0, ISR [0], adding replicas [] and removing replicas [] . Previous leader None and previous leader epoch was -1. (state.change.logger)
[2023-11-04 15:31:20,526] INFO [Broker id=0] Leader __consumer_offsets-46 with topic id Some(v4YvjywYSWWZQQh3xtRP3w) starts at leader epoch 0 from offset 0 with partition epoch 0, high watermark 0, ISR [0], adding replicas [] and removing replicas [] . Previous leader None and previous leader epoch was -1. (state.change.logger)
[2023-11-04 15:31:20,541] INFO [Broker id=0] Leader __consumer_offsets-1 with topic id Some(v4YvjywYSWWZQQh3xtRP3w) starts at leader epoch 0 from offset 0 with partition epoch 0, high watermark 0, ISR [0], adding replicas [] and removing replicas [] . Previous leader None and previous leader epoch was -1. (state.change.logger)
[2023-11-04 15:31:20,556] INFO [Broker id=0] Leader __consumer_offsets-16 with topic id Some(v4YvjywYSWWZQQh3xtRP3w) starts at leader epoch 0 from offset 0 with partition epoch 0, high watermark 0, ISR [0], adding replicas [] and removing replicas [] . Previous leader None and previous leader epoch was -1. (state.change.logger)
[2023-11-04 15:31:20,571] INFO [Broker id=0] Leader __consumer_offsets-2 with topic id Some(v4YvjywYSWWZQQh3xtRP3w) starts at leader epoch 0 from offset 0 with partition epoch 0, high watermark 0, ISR [0], adding replicas [] and removing replicas [] . Previous leader None and previous leader epoch was -1. (state.change.logger)
[2023-11-04 15:31:20,586] INFO [Broker id=0] Leader __consumer_offsets-25 with topic id Some(v4YvjywYSWWZQQh3xtRP3w) starts at leader epoch 0 from offset 0 with partition epoch 0, high watermark 0, ISR [0], adding replicas [] and removing replicas [] . Previous leader None and previous leader epoch was -1. (state.change.logger)
[2023-11-04 15:31:20,602] INFO [Broker id=0] Leader __consumer_offsets-40 with topic id Some(v4YvjywYSWWZQQh3xtRP3w) starts at leader epoch 0 from offset 0 with partition epoch 0, high watermark 0, ISR [0], adding replicas [] and removing replicas [] . Previous leader None and previous leader epoch was -1. (state.change.logger)
[2023-11-04 15:31:20,616] INFO [Broker id=0] Leader __consumer_offsets-47 with topic id Some(v4YvjywYSWWZQQh3xtRP3w) starts at leader epoch 0 from offset 0 with partition epoch 0, high watermark 0, ISR [0], adding replicas [] and removing replicas [] . Previous leader None and previous leader epoch was -1. (state.change.logger)
[2023-11-04 15:31:20,632] INFO [Broker id=0] Leader __consumer_offsets-17 with topic id Some(v4YvjywYSWWZQQh3xtRP3w) starts at leader epoch 0 from offset 0 with partition epoch 0, high watermark 0, ISR [0], adding replicas [] and removing replicas [] . Previous leader None and previous leader epoch was -1. (state.change.logger)
[2023-11-04 15:31:20,648] INFO [Broker id=0] Leader __consumer_offsets-32 with topic id Some(v4YvjywYSWWZQQh3xtRP3w) starts at leader epoch 0 from offset 0 with partition epoch 0, high watermark 0, ISR [0], adding replicas [] and removing replicas [] . Previous leader None and previous leader epoch was -1. (state.change.logger)
[2023-11-04 15:31:20,661] INFO [Broker id=0] Leader __consumer_offsets-37 with topic id Some(v4YvjywYSWWZQQh3xtRP3w) starts at leader epoch 0 from offset 0 with partition epoch 0, high watermark 0, ISR [0], adding replicas [] and removing replicas [] . Previous leader None and previous leader epoch was -1. (state.change.logger)
[2023-11-04 15:31:20,676] INFO [Broker id=0] Leader __consumer_offsets-7 with topic id Some(v4YvjywYSWWZQQh3xtRP3w) starts at leader epoch 0 from offset 0 with partition epoch 0, high watermark 0, ISR [0], adding replicas [] and removing replicas [] . Previous leader None and previous leader epoch was -1. (state.change.logger)
[2023-11-04 15:31:20,693] INFO [Broker id=0] Leader __consumer_offsets-22 with topic id Some(v4YvjywYSWWZQQh3xtRP3w) starts at leader epoch 0 from offset 0 with partition epoch 0, high watermark 0, ISR [0], adding replicas [] and removing replicas [] . Previous leader None and previous leader epoch was -1. (state.change.logger)
[2023-11-04 15:31:20,707] INFO [Broker id=0] Leader __consumer_offsets-29 with topic id Some(v4YvjywYSWWZQQh3xtRP3w) starts at leader epoch 0 from offset 0 with partition epoch 0, high watermark 0, ISR [0], adding replicas [] and removing replicas [] . Previous leader None and previous leader epoch was -1. (state.change.logger)
[2023-11-04 15:31:20,723] INFO [Broker id=0] Leader __consumer_offsets-44 with topic id Some(v4YvjywYSWWZQQh3xtRP3w) starts at leader epoch 0 from offset 0 with partition epoch 0, high watermark 0, ISR [0], adding replicas [] and removing replicas [] . Previous leader None and previous leader epoch was -1. (state.change.logger)
[2023-11-04 15:31:20,738] INFO [Broker id=0] Leader __consumer_offsets-14 with topic id Some(v4YvjywYSWWZQQh3xtRP3w) starts at leader epoch 0 from offset 0 with partition epoch 0, high watermark 0, ISR [0], adding replicas [] and removing replicas [] . Previous leader None and previous leader epoch was -1. (state.change.logger)
[2023-11-04 15:31:20,754] INFO [Broker id=0] Leader __consumer_offsets-23 with topic id Some(v4YvjywYSWWZQQh3xtRP3w) starts at leader epoch 0 from offset 0 with partition epoch 0, high watermark 0, ISR [0], adding replicas [] and removing replicas [] . Previous leader None and previous leader epoch was -1. (state.change.logger)
[2023-11-04 15:31:20,769] INFO [Broker id=0] Leader __consumer_offsets-38 with topic id Some(v4YvjywYSWWZQQh3xtRP3w) starts at leader epoch 0 from offset 0 with partition epoch 0, high watermark 0, ISR [0], adding replicas [] and removing replicas [] . Previous leader None and previous leader epoch was -1. (state.change.logger)
[2023-11-04 15:31:20,784] INFO [Broker id=0] Leader __consumer_offsets-8 with topic id Some(v4YvjywYSWWZQQh3xtRP3w) starts at leader epoch 0 from offset 0 with partition epoch 0, high watermark 0, ISR [0], adding replicas [] and removing replicas [] . Previous leader None and previous leader epoch was -1. (state.change.logger)
[2023-11-04 15:31:20,798] INFO [Broker id=0] Leader __consumer_offsets-45 with topic id Some(v4YvjywYSWWZQQh3xtRP3w) starts at leader epoch 0 from offset 0 with partition epoch 0, high watermark 0, ISR [0], adding replicas [] and removing replicas [] . Previous leader None and previous leader epoch was -1. (state.change.logger)
[2023-11-04 15:31:20,815] INFO [Broker id=0] Leader __consumer_offsets-15 with topic id Some(v4YvjywYSWWZQQh3xtRP3w) starts at leader epoch 0 from offset 0 with partition epoch 0, high watermark 0, ISR [0], adding replicas [] and removing replicas [] . Previous leader None and previous leader epoch was -1. (state.change.logger)
[2023-11-04 15:31:20,828] INFO [Broker id=0] Leader __consumer_offsets-30 with topic id Some(v4YvjywYSWWZQQh3xtRP3w) starts at leader epoch 0 from offset 0 with partition epoch 0, high watermark 0, ISR [0], adding replicas [] and removing replicas [] . Previous leader None and previous leader epoch was -1. (state.change.logger)
[2023-11-04 15:31:20,843] INFO [Broker id=0] Leader __consumer_offsets-0 with topic id Some(v4YvjywYSWWZQQh3xtRP3w) starts at leader epoch 0 from offset 0 with partition epoch 0, high watermark 0, ISR [0], adding replicas [] and removing replicas [] . Previous leader None and previous leader epoch was -1. (state.change.logger)
[2023-11-04 15:31:20,857] INFO [Broker id=0] Leader __consumer_offsets-35 with topic id Some(v4YvjywYSWWZQQh3xtRP3w) starts at leader epoch 0 from offset 0 with partition epoch 0, high watermark 0, ISR [0], adding replicas [] and removing replicas [] . Previous leader None and previous leader epoch was -1. (state.change.logger)
[2023-11-04 15:31:20,873] INFO [Broker id=0] Leader __consumer_offsets-5 with topic id Some(v4YvjywYSWWZQQh3xtRP3w) starts at leader epoch 0 from offset 0 with partition epoch 0, high watermark 0, ISR [0], adding replicas [] and removing replicas [] . Previous leader None and previous leader epoch was -1. (state.change.logger)
[2023-11-04 15:31:20,888] INFO [Broker id=0] Leader __consumer_offsets-20 with topic id Some(v4YvjywYSWWZQQh3xtRP3w) starts at leader epoch 0 from offset 0 with partition epoch 0, high watermark 0, ISR [0], adding replicas [] and removing replicas [] . Previous leader None and previous leader epoch was -1. (state.change.logger)
[2023-11-04 15:31:20,909] INFO [Broker id=0] Leader __consumer_offsets-27 with topic id Some(v4YvjywYSWWZQQh3xtRP3w) starts at leader epoch 0 from offset 0 with partition epoch 0, high watermark 0, ISR [0], adding replicas [] and removing replicas [] . Previous leader None and previous leader epoch was -1. (state.change.logger)
[2023-11-04 15:31:20,923] INFO [Broker id=0] Leader __consumer_offsets-42 with topic id Some(v4YvjywYSWWZQQh3xtRP3w) starts at leader epoch 0 from offset 0 with partition epoch 0, high watermark 0, ISR [0], adding replicas [] and removing replicas [] . Previous leader None and previous leader epoch was -1. (state.change.logger)
[2023-11-04 15:31:20,938] INFO [Broker id=0] Leader __consumer_offsets-12 with topic id Some(v4YvjywYSWWZQQh3xtRP3w) starts at leader epoch 0 from offset 0 with partition epoch 0, high watermark 0, ISR [0], adding replicas [] and removing replicas [] . Previous leader None and previous leader epoch was -1. (state.change.logger)
[2023-11-04 15:31:20,952] INFO [Broker id=0] Leader __consumer_offsets-21 with topic id Some(v4YvjywYSWWZQQh3xtRP3w) starts at leader epoch 0 from offset 0 with partition epoch 0, high watermark 0, ISR [0], adding replicas [] and removing replicas [] . Previous leader None and previous leader epoch was -1. (state.change.logger)
[2023-11-04 15:31:20,969] INFO [Broker id=0] Leader __consumer_offsets-36 with topic id Some(v4YvjywYSWWZQQh3xtRP3w) starts at leader epoch 0 from offset 0 with partition epoch 0, high watermark 0, ISR [0], adding replicas [] and removing replicas [] . Previous leader None and previous leader epoch was -1. (state.change.logger)
[2023-11-04 15:31:20,983] INFO [Broker id=0] Leader __consumer_offsets-6 with topic id Some(v4YvjywYSWWZQQh3xtRP3w) starts at leader epoch 0 from offset 0 with partition epoch 0, high watermark 0, ISR [0], adding replicas [] and removing replicas [] . Previous leader None and previous leader epoch was -1. (state.change.logger)
[2023-11-04 15:31:20,998] INFO [Broker id=0] Leader __consumer_offsets-43 with topic id Some(v4YvjywYSWWZQQh3xtRP3w) starts at leader epoch 0 from offset 0 with partition epoch 0, high watermark 0, ISR [0], adding replicas [] and removing replicas [] . Previous leader None and previous leader epoch was -1. (state.change.logger)
[2023-11-04 15:31:21,013] INFO [Broker id=0] Leader __consumer_offsets-13 with topic id Some(v4YvjywYSWWZQQh3xtRP3w) starts at leader epoch 0 from offset 0 with partition epoch 0, high watermark 0, ISR [0], adding replicas [] and removing replicas [] . Previous leader None and previous leader epoch was -1. (state.change.logger)
[2023-11-04 15:31:21,029] INFO [Broker id=0] Leader __consumer_offsets-28 with topic id Some(v4YvjywYSWWZQQh3xtRP3w) starts at leader epoch 0 from offset 0 with partition epoch 0, high watermark 0, ISR [0], adding replicas [] and removing replicas [] . Previous leader None and previous leader epoch was -1. (state.change.logger)
[2023-11-04 15:31:21,092] INFO [Broker id=0] Finished LeaderAndIsr request in 843ms correlationId 5 from controller 0 for 50 partitions (state.change.logger)
[2023-11-04 15:31:21,093] INFO [Broker id=0] Add 50 partitions and deleted 0 partitions from metadata cache in response to UpdateMetadata request sent by controller 0 epoch 1 with correlation id 6 (state.change.logger)
[2023-11-04 20:37:16,947] INFO [Controller id=0 epoch=1] Changed partition test-topick-0 state from NonExistentPartition to NewPartition with assigned replicas 0 (state.change.logger)
[2023-11-04 20:37:16,947] INFO [Controller id=0 epoch=1] Sending UpdateMetadata request to brokers HashSet() for 0 partitions (state.change.logger)
[2023-11-04 20:37:16,948] INFO [Controller id=0 epoch=1] Sending UpdateMetadata request to brokers HashSet() for 0 partitions (state.change.logger)
[2023-11-04 20:37:16,960] INFO [Controller id=0 epoch=1] Changed partition test-topick-0 from NewPartition to OnlinePartition with state LeaderAndIsr(leader=0, leaderEpoch=0, isrWithBrokerEpoch=List(BrokerState(brokerId=0, brokerEpoch=-1)), leaderRecoveryState=RECOVERED, partitionEpoch=0) (state.change.logger)
[2023-11-04 20:37:16,960] INFO [Controller id=0 epoch=1] Sending LeaderAndIsr request to broker 0 with 1 become-leader and 0 become-follower partitions (state.change.logger)
[2023-11-04 20:37:16,960] INFO [Controller id=0 epoch=1] Sending UpdateMetadata request to brokers HashSet(0) for 1 partitions (state.change.logger)
[2023-11-04 20:37:16,960] INFO [Controller id=0 epoch=1] Sending UpdateMetadata request to brokers HashSet() for 0 partitions (state.change.logger)
[2023-11-05 13:39:21,811] INFO [Controller id=0 epoch=2] Sending UpdateMetadata request to brokers HashSet(0) for 0 partitions (state.change.logger)
[2023-11-05 13:39:21,842] INFO [Controller id=0 epoch=2] Sending LeaderAndIsr request to broker 0 with 56 become-leader and 0 become-follower partitions (state.change.logger)
[2023-11-05 13:39:21,844] INFO [Controller id=0 epoch=2] Sending UpdateMetadata request to brokers HashSet(0) for 56 partitions (state.change.logger)
[2023-11-05 13:39:22,400] INFO [Broker id=0] Handling LeaderAndIsr request correlationId 1 from controller 0 for 56 partitions (state.change.logger)
[2023-11-05 13:39:22,427] INFO [Broker id=0] Stopped fetchers as part of LeaderAndIsr request correlationId 1 from controller 0 epoch 2 as part of the become-leader transition for 56 partitions (state.change.logger)
[2023-11-05 13:39:22,481] INFO [Broker id=0] Leader __consumer_offsets-3 with topic id Some(v4YvjywYSWWZQQh3xtRP3w) starts at leader epoch 0 from offset 0 with partition epoch 0, high watermark 0, ISR [0], adding replicas [] and removing replicas [] . Previous leader None and previous leader epoch was -1. (state.change.logger)
[2023-11-05 13:39:22,498] INFO [Broker id=0] Leader __consumer_offsets-18 with topic id Some(v4YvjywYSWWZQQh3xtRP3w) starts at leader epoch 0 from offset 0 with partition epoch 0, high watermark 0, ISR [0], adding replicas [] and removing replicas [] . Previous leader None and previous leader epoch was -1. (state.change.logger)
[2023-11-05 13:39:22,514] INFO [Broker id=0] Leader __consumer_offsets-41 with topic id Some(v4YvjywYSWWZQQh3xtRP3w) starts at leader epoch 0 from offset 0 with partition epoch 0, high watermark 0, ISR [0], adding replicas [] and removing replicas [] . Previous leader None and previous leader epoch was -1. (state.change.logger)
[2023-11-05 13:39:22,527] INFO [Broker id=0] Leader __consumer_offsets-10 with topic id Some(v4YvjywYSWWZQQh3xtRP3w) starts at leader epoch 0 from offset 0 with partition epoch 0, high watermark 0, ISR [0], adding replicas [] and removing replicas [] . Previous leader None and previous leader epoch was -1. (state.change.logger)
[2023-11-05 13:39:22,542] INFO [Broker id=0] Leader __consumer_offsets-33 with topic id Some(v4YvjywYSWWZQQh3xtRP3w) starts at leader epoch 0 from offset 0 with partition epoch 0, high watermark 0, ISR [0], adding replicas [] and removing replicas [] . Previous leader None and previous leader epoch was -1. (state.change.logger)
[2023-11-05 13:39:22,558] INFO [Broker id=0] Leader __consumer_offsets-48 with topic id Some(v4YvjywYSWWZQQh3xtRP3w) starts at leader epoch 0 from offset 0 with partition epoch 0, high watermark 0, ISR [0], adding replicas [] and removing replicas [] . Previous leader None and previous leader epoch was -1. (state.change.logger)
[2023-11-05 13:39:22,576] INFO [Broker id=0] Leader __consumer_offsets-19 with topic id Some(v4YvjywYSWWZQQh3xtRP3w) starts at leader epoch 0 from offset 0 with partition epoch 0, high watermark 0, ISR [0], adding replicas [] and removing replicas [] . Previous leader None and previous leader epoch was -1. (state.change.logger)
[2023-11-05 13:39:22,594] INFO [Broker id=0] Leader __consumer_offsets-34 with topic id Some(v4YvjywYSWWZQQh3xtRP3w) starts at leader epoch 0 from offset 0 with partition epoch 0, high watermark 0, ISR [0], adding replicas [] and removing replicas [] . Previous leader None and previous leader epoch was -1. (state.change.logger)
[2023-11-05 13:39:22,610] INFO [Broker id=0] Leader __consumer_offsets-4 with topic id Some(v4YvjywYSWWZQQh3xtRP3w) starts at leader epoch 0 from offset 0 with partition epoch 0, high watermark 0, ISR [0], adding replicas [] and removing replicas [] . Previous leader None and previous leader epoch was -1. (state.change.logger)
[2023-11-05 13:39:22,626] INFO [Broker id=0] Leader __consumer_offsets-11 with topic id Some(v4YvjywYSWWZQQh3xtRP3w) starts at leader epoch 0 from offset 0 with partition epoch 0, high watermark 0, ISR [0], adding replicas [] and removing replicas [] . Previous leader None and previous leader epoch was -1. (state.change.logger)
[2023-11-05 13:39:22,642] INFO [Broker id=0] Leader __consumer_offsets-26 with topic id Some(v4YvjywYSWWZQQh3xtRP3w) starts at leader epoch 0 from offset 0 with partition epoch 0, high watermark 0, ISR [0], adding replicas [] and removing replicas [] . Previous leader None and previous leader epoch was -1. (state.change.logger)
[2023-11-05 13:39:22,662] INFO [Broker id=0] Leader __consumer_offsets-49 with topic id Some(v4YvjywYSWWZQQh3xtRP3w) starts at leader epoch 0 from offset 0 with partition epoch 0, high watermark 0, ISR [0], adding replicas [] and removing replicas [] . Previous leader None and previous leader epoch was -1. (state.change.logger)
[2023-11-05 13:39:22,678] INFO [Broker id=0] Leader __consumer_offsets-39 with topic id Some(v4YvjywYSWWZQQh3xtRP3w) starts at leader epoch 0 from offset 0 with partition epoch 0, high watermark 0, ISR [0], adding replicas [] and removing replicas [] . Previous leader None and previous leader epoch was -1. (state.change.logger)
[2023-11-05 13:39:22,695] INFO [Broker id=0] Leader __consumer_offsets-9 with topic id Some(v4YvjywYSWWZQQh3xtRP3w) starts at leader epoch 0 from offset 0 with partition epoch 0, high watermark 0, ISR [0], adding replicas [] and removing replicas [] . Previous leader None and previous leader epoch was -1. (state.change.logger)
[2023-11-05 13:39:22,712] INFO [Broker id=0] Leader __consumer_offsets-24 with topic id Some(v4YvjywYSWWZQQh3xtRP3w) starts at leader epoch 0 from offset 0 with partition epoch 0, high watermark 0, ISR [0], adding replicas [] and removing replicas [] . Previous leader None and previous leader epoch was -1. (state.change.logger)
[2023-11-05 13:39:22,727] INFO [Broker id=0] Leader test-topic-3 with topic id Some(US_-21d4QJSlpJixlzu7kA) starts at leader epoch 0 from offset 0 with partition epoch 0, high watermark 0, ISR [0], adding replicas [] and removing replicas [] . Previous leader None and previous leader epoch was -1. (state.change.logger)
[2023-11-05 13:39:22,745] INFO [Broker id=0] Leader __consumer_offsets-31 with topic id Some(v4YvjywYSWWZQQh3xtRP3w) starts at leader epoch 0 from offset 0 with partition epoch 0, high watermark 0, ISR [0], adding replicas [] and removing replicas [] . Previous leader None and previous leader epoch was -1. (state.change.logger)
[2023-11-05 13:39:22,759] INFO [Broker id=0] Leader __consumer_offsets-46 with topic id Some(v4YvjywYSWWZQQh3xtRP3w) starts at leader epoch 0 from offset 0 with partition epoch 0, high watermark 0, ISR [0], adding replicas [] and removing replicas [] . Previous leader None and previous leader epoch was -1. (state.change.logger)
[2023-11-05 13:39:22,775] INFO [Broker id=0] Leader __consumer_offsets-1 with topic id Some(v4YvjywYSWWZQQh3xtRP3w) starts at leader epoch 0 from offset 0 with partition epoch 0, high watermark 0, ISR [0], adding replicas [] and removing replicas [] . Previous leader None and previous leader epoch was -1. (state.change.logger)
[2023-11-05 13:39:22,789] INFO [Broker id=0] Leader __consumer_offsets-16 with topic id Some(v4YvjywYSWWZQQh3xtRP3w) starts at leader epoch 0 from offset 0 with partition epoch 0, high watermark 0, ISR [0], adding replicas [] and removing replicas [] . Previous leader None and previous leader epoch was -1. (state.change.logger)
[2023-11-05 13:39:22,804] INFO [Broker id=0] Leader __consumer_offsets-2 with topic id Some(v4YvjywYSWWZQQh3xtRP3w) starts at leader epoch 0 from offset 0 with partition epoch 0, high watermark 0, ISR [0], adding replicas [] and removing replicas [] . Previous leader None and previous leader epoch was -1. (state.change.logger)
[2023-11-05 13:39:22,820] INFO [Broker id=0] Leader __consumer_offsets-25 with topic id Some(v4YvjywYSWWZQQh3xtRP3w) starts at leader epoch 0 from offset 0 with partition epoch 0, high watermark 0, ISR [0], adding replicas [] and removing replicas [] . Previous leader None and previous leader epoch was -1. (state.change.logger)
[2023-11-05 13:39:22,837] INFO [Broker id=0] Leader __consumer_offsets-40 with topic id Some(v4YvjywYSWWZQQh3xtRP3w) starts at leader epoch 0 from offset 0 with partition epoch 0, high watermark 0, ISR [0], adding replicas [] and removing replicas [] . Previous leader None and previous leader epoch was -1. (state.change.logger)
[2023-11-05 13:39:22,851] INFO [Broker id=0] Leader __consumer_offsets-47 with topic id Some(v4YvjywYSWWZQQh3xtRP3w) starts at leader epoch 0 from offset 0 with partition epoch 0, high watermark 0, ISR [0], adding replicas [] and removing replicas [] . Previous leader None and previous leader epoch was -1. (state.change.logger)
[2023-11-05 13:39:22,867] INFO [Broker id=0] Leader __consumer_offsets-17 with topic id Some(v4YvjywYSWWZQQh3xtRP3w) starts at leader epoch 0 from offset 0 with partition epoch 0, high watermark 0, ISR [0], adding replicas [] and removing replicas [] . Previous leader None and previous leader epoch was -1. (state.change.logger)
[2023-11-05 13:39:22,882] INFO [Broker id=0] Leader __consumer_offsets-32 with topic id Some(v4YvjywYSWWZQQh3xtRP3w) starts at leader epoch 0 from offset 0 with partition epoch 0, high watermark 0, ISR [0], adding replicas [] and removing replicas [] . Previous leader None and previous leader epoch was -1. (state.change.logger)
[2023-11-05 13:39:22,898] INFO [Broker id=0] Leader TestTopic-0 with topic id Some(NEhsm63zTvyR5F4GK87CSQ) starts at leader epoch 0 from offset 0 with partition epoch 0, high watermark 0, ISR [0], adding replicas [] and removing replicas [] . Previous leader None and previous leader epoch was -1. (state.change.logger)
[2023-11-05 13:39:22,914] INFO [Broker id=0] Leader __consumer_offsets-37 with topic id Some(v4YvjywYSWWZQQh3xtRP3w) starts at leader epoch 0 from offset 0 with partition epoch 0, high watermark 0, ISR [0], adding replicas [] and removing replicas [] . Previous leader None and previous leader epoch was -1. (state.change.logger)
[2023-11-05 13:39:22,929] INFO [Broker id=0] Leader __consumer_offsets-7 with topic id Some(v4YvjywYSWWZQQh3xtRP3w) starts at leader epoch 0 from offset 0 with partition epoch 0, high watermark 0, ISR [0], adding replicas [] and removing replicas [] . Previous leader None and previous leader epoch was -1. (state.change.logger)
[2023-11-05 13:39:22,945] INFO [Broker id=0] Leader __consumer_offsets-22 with topic id Some(v4YvjywYSWWZQQh3xtRP3w) starts at leader epoch 0 from offset 0 with partition epoch 0, high watermark 0, ISR [0], adding replicas [] and removing replicas [] . Previous leader None and previous leader epoch was -1. (state.change.logger)
[2023-11-05 13:39:22,961] INFO [Broker id=0] Leader test-topic-1 with topic id Some(US_-21d4QJSlpJixlzu7kA) starts at leader epoch 0 from offset 0 with partition epoch 0, high watermark 0, ISR [0], adding replicas [] and removing replicas [] . Previous leader None and previous leader epoch was -1. (state.change.logger)
[2023-11-05 13:39:22,975] INFO [Broker id=0] Leader test-topick-0 with topic id Some(H8yyhcJhQV-dQIc5mhmJgw) starts at leader epoch 0 from offset 0 with partition epoch 0, high watermark 0, ISR [0], adding replicas [] and removing replicas [] . Previous leader None and previous leader epoch was -1. (state.change.logger)
[2023-11-05 13:39:22,992] INFO [Broker id=0] Leader __consumer_offsets-29 with topic id Some(v4YvjywYSWWZQQh3xtRP3w) starts at leader epoch 0 from offset 0 with partition epoch 0, high watermark 0, ISR [0], adding replicas [] and removing replicas [] . Previous leader None and previous leader epoch was -1. (state.change.logger)
[2023-11-05 13:39:23,010] INFO [Broker id=0] Leader __consumer_offsets-44 with topic id Some(v4YvjywYSWWZQQh3xtRP3w) starts at leader epoch 0 from offset 0 with partition epoch 0, high watermark 0, ISR [0], adding replicas [] and removing replicas [] . Previous leader None and previous leader epoch was -1. (state.change.logger)
[2023-11-05 13:39:23,024] INFO [Broker id=0] Leader __consumer_offsets-14 with topic id Some(v4YvjywYSWWZQQh3xtRP3w) starts at leader epoch 0 from offset 0 with partition epoch 0, high watermark 0, ISR [0], adding replicas [] and removing replicas [] . Previous leader None and previous leader epoch was -1. (state.change.logger)
[2023-11-05 13:39:23,039] INFO [Broker id=0] Leader __consumer_offsets-23 with topic id Some(v4YvjywYSWWZQQh3xtRP3w) starts at leader epoch 0 from offset 0 with partition epoch 0, high watermark 0, ISR [0], adding replicas [] and removing replicas [] . Previous leader None and previous leader epoch was -1. (state.change.logger)
[2023-11-05 13:39:23,054] INFO [Broker id=0] Leader test-topic-2 with topic id Some(US_-21d4QJSlpJixlzu7kA) starts at leader epoch 0 from offset 0 with partition epoch 0, high watermark 0, ISR [0], adding replicas [] and removing replicas [] . Previous leader None and previous leader epoch was -1. (state.change.logger)
[2023-11-05 13:39:23,070] INFO [Broker id=0] Leader __consumer_offsets-38 with topic id Some(v4YvjywYSWWZQQh3xtRP3w) starts at leader epoch 0 from offset 0 with partition epoch 0, high watermark 0, ISR [0], adding replicas [] and removing replicas [] . Previous leader None and previous leader epoch was -1. (state.change.logger)
[2023-11-05 13:39:23,085] INFO [Broker id=0] Leader __consumer_offsets-8 with topic id Some(v4YvjywYSWWZQQh3xtRP3w) starts at leader epoch 0 from offset 0 with partition epoch 0, high watermark 0, ISR [0], adding replicas [] and removing replicas [] . Previous leader None and previous leader epoch was -1. (state.change.logger)
[2023-11-05 13:39:23,101] INFO [Broker id=0] Leader __consumer_offsets-45 with topic id Some(v4YvjywYSWWZQQh3xtRP3w) starts at leader epoch 0 from offset 0 with partition epoch 0, high watermark 0, ISR [0], adding replicas [] and removing replicas [] . Previous leader None and previous leader epoch was -1. (state.change.logger)
[2023-11-05 13:39:23,121] INFO [Broker id=0] Leader __consumer_offsets-15 with topic id Some(v4YvjywYSWWZQQh3xtRP3w) starts at leader epoch 0 from offset 0 with partition epoch 0, high watermark 0, ISR [0], adding replicas [] and removing replicas [] . Previous leader None and previous leader epoch was -1. (state.change.logger)
[2023-11-05 13:39:23,136] INFO [Broker id=0] Leader __consumer_offsets-30 with topic id Some(v4YvjywYSWWZQQh3xtRP3w) starts at leader epoch 0 from offset 0 with partition epoch 0, high watermark 0, ISR [0], adding replicas [] and removing replicas [] . Previous leader None and previous leader epoch was -1. (state.change.logger)
[2023-11-05 13:39:23,151] INFO [Broker id=0] Leader __consumer_offsets-0 with topic id Some(v4YvjywYSWWZQQh3xtRP3w) starts at leader epoch 0 from offset 0 with partition epoch 0, high watermark 0, ISR [0], adding replicas [] and removing replicas [] . Previous leader None and previous leader epoch was -1. (state.change.logger)
[2023-11-05 13:39:23,166] INFO [Broker id=0] Leader __consumer_offsets-35 with topic id Some(v4YvjywYSWWZQQh3xtRP3w) starts at leader epoch 0 from offset 0 with partition epoch 0, high watermark 0, ISR [0], adding replicas [] and removing replicas [] . Previous leader None and previous leader epoch was -1. (state.change.logger)
[2023-11-05 13:39:23,183] INFO [Broker id=0] Leader __consumer_offsets-5 with topic id Some(v4YvjywYSWWZQQh3xtRP3w) starts at leader epoch 0 from offset 0 with partition epoch 0, high watermark 0, ISR [0], adding replicas [] and removing replicas [] . Previous leader None and previous leader epoch was -1. (state.change.logger)
[2023-11-05 13:39:23,198] INFO [Broker id=0] Leader __consumer_offsets-20 with topic id Some(v4YvjywYSWWZQQh3xtRP3w) starts at leader epoch 0 from offset 0 with partition epoch 0, high watermark 0, ISR [0], adding replicas [] and removing replicas [] . Previous leader None and previous leader epoch was -1. (state.change.logger)
[2023-11-05 13:39:23,214] INFO [Broker id=0] Leader __consumer_offsets-27 with topic id Some(v4YvjywYSWWZQQh3xtRP3w) starts at leader epoch 0 from offset 0 with partition epoch 0, high watermark 0, ISR [0], adding replicas [] and removing replicas [] . Previous leader None and previous leader epoch was -1. (state.change.logger)
[2023-11-05 13:39:23,230] INFO [Broker id=0] Leader __consumer_offsets-42 with topic id Some(v4YvjywYSWWZQQh3xtRP3w) starts at leader epoch 0 from offset 0 with partition epoch 0, high watermark 0, ISR [0], adding replicas [] and removing replicas [] . Previous leader None and previous leader epoch was -1. (state.change.logger)
[2023-11-05 13:39:23,245] INFO [Broker id=0] Leader __consumer_offsets-12 with topic id Some(v4YvjywYSWWZQQh3xtRP3w) starts at leader epoch 0 from offset 0 with partition epoch 0, high watermark 0, ISR [0], adding replicas [] and removing replicas [] . Previous leader None and previous leader epoch was -1. (state.change.logger)
[2023-11-05 13:39:23,260] INFO [Broker id=0] Leader __consumer_offsets-21 with topic id Some(v4YvjywYSWWZQQh3xtRP3w) starts at leader epoch 0 from offset 0 with partition epoch 0, high watermark 0, ISR [0], adding replicas [] and removing replicas [] . Previous leader None and previous leader epoch was -1. (state.change.logger)
[2023-11-05 13:39:23,277] INFO [Broker id=0] Leader test-topic-0 with topic id Some(US_-21d4QJSlpJixlzu7kA) starts at leader epoch 0 from offset 0 with partition epoch 0, high watermark 0, ISR [0], adding replicas [] and removing replicas [] . Previous leader None and previous leader epoch was -1. (state.change.logger)
[2023-11-05 13:39:23,292] INFO [Broker id=0] Leader __consumer_offsets-36 with topic id Some(v4YvjywYSWWZQQh3xtRP3w) starts at leader epoch 0 from offset 0 with partition epoch 0, high watermark 0, ISR [0], adding replicas [] and removing replicas [] . Previous leader None and previous leader epoch was -1. (state.change.logger)
[2023-11-05 13:39:23,308] INFO [Broker id=0] Leader __consumer_offsets-6 with topic id Some(v4YvjywYSWWZQQh3xtRP3w) starts at leader epoch 0 from offset 0 with partition epoch 0, high watermark 0, ISR [0], adding replicas [] and removing replicas [] . Previous leader None and previous leader epoch was -1. (state.change.logger)
[2023-11-05 13:39:23,324] INFO [Broker id=0] Leader __consumer_offsets-43 with topic id Some(v4YvjywYSWWZQQh3xtRP3w) starts at leader epoch 0 from offset 0 with partition epoch 0, high watermark 0, ISR [0], adding replicas [] and removing replicas [] . Previous leader None and previous leader epoch was -1. (state.change.logger)
[2023-11-05 13:39:23,340] INFO [Broker id=0] Leader __consumer_offsets-13 with topic id Some(v4YvjywYSWWZQQh3xtRP3w) starts at leader epoch 0 from offset 0 with partition epoch 0, high watermark 0, ISR [0], adding replicas [] and removing replicas [] . Previous leader None and previous leader epoch was -1. (state.change.logger)
[2023-11-05 13:39:23,355] INFO [Broker id=0] Leader __consumer_offsets-28 with topic id Some(v4YvjywYSWWZQQh3xtRP3w) starts at leader epoch 0 from offset 0 with partition epoch 0, high watermark 0, ISR [0], adding replicas [] and removing replicas [] . Previous leader None and previous leader epoch was -1. (state.change.logger)
[2023-11-05 13:39:23,423] INFO [Broker id=0] Finished LeaderAndIsr request in 1023ms correlationId 1 from controller 0 for 56 partitions (state.change.logger)
[2023-11-05 13:39:23,428] INFO [Broker id=0] Add 56 partitions and deleted 0 partitions from metadata cache in response to UpdateMetadata request sent by controller 0 epoch 2 with correlation id 2 (state.change.logger)
